Description: The MTN Mobile Money payment has been approved and processed successfully., Amount_Billed: 120 , Contestant_Updated: SITA , with_vote: 200, new_vote : 426.<br/>
Description: The MTN Mobile Money payment has been approved and processed successfully., Amount_Billed: 120 , Contestant_Updated: ANITA , with_vote: 200, new_vote : 668.<br/>
Description: The MTN Mobile Money payment has been approved and processed successfully., Amount_Billed: 12 , Contestant_Updated: AKO , with_vote: 20, new_vote : 136.<br/>
Description: The MTN Mobile Money payment has been approved and processed successfully., Amount_Billed: 60 , Contestant_Updated: OWUO , with_vote: 100, new_vote : 445.<br/>
Description: The MTN Mobile Money payment has been approved and processed successfully., Amount_Billed: 60 , Contestant_Updated: OWUO , with_vote: 100, new_vote : 545.<br/>
Description: The MTN Mobile Money payment has been approved and processed successfully., Amount_Billed: 30 , Contestant_Updated: AKO , with_vote: 50, new_vote : 188.<br/>
Description: The MTN Mobile Money payment has been approved and processed successfully., Amount_Billed: 120 , Contestant_Updated: OWUO , with_vote: 200, new_vote : 765.<br/>
Description: The MTN Mobile Money payment has been approved and processed successfully., Amount_Billed: 6 , Contestant_Updated: MERCY , with_vote: 10, new_vote : 94.<br/>
Description: The MTN Mobile Money payment has been approved and processed successfully., Amount_Billed: 30 , Contestant_Updated: AKO , with_vote: 50, new_vote : 238.<br/>
Description: The MTN Mobile Money payment has been approved and processed successfully., Amount_Billed: 120 , Contestant_Updated: SITA , with_vote: 200, new_vote : 639.<br/>
Description: The MTN Mobile Money payment has been approved and processed successfully., Amount_Billed: 12 , Contestant_Updated: ANITA , with_vote: 20, new_vote : 710.<br/>
Description: The MTN Mobile Money payment has been approved and processed successfully., Amount_Billed: 120 , Contestant_Updated: ANITA , with_vote: 200, new_vote : 910.<br/>
Description: The MTN Mobile Money payment has been approved and processed successfully., Amount_Billed: 300 , Contestant_Updated: OLOBO , with_vote: 500, new_vote : 829.<br/>
Description: The MTN Mobile Money payment has been approved and processed successfully., Amount_Billed: 120 , Contestant_Updated: ANITA , with_vote: 200, new_vote : 1110.<br/>
Description: The MTN Mobile Money payment has been approved and processed successfully., Amount_Billed: 60 , Contestant_Updated: MAAME , with_vote: 100, new_vote : 804.<br/>
Description: The MTN Mobile Money payment has been approved and processed successfully., Amount_Billed: 300 , Contestant_Updated: ETORNAM , with_vote: 500, new_vote : 599.<br/>
Description: The MTN Mobile Money payment has been approved and processed successfully., Amount_Billed: 120 , Contestant_Updated: BB , with_vote: 200, new_vote : 611.<br/>
Description: The Tigo Cash payment has been approved and processed successfully., Amount_Billed: 30 , Contestant_Updated: AKO , with_vote: 50, new_vote : 343.<br/>
Description: The MTN Mobile Money payment has been approved and processed successfully., Amount_Billed: 120 , Contestant_Updated: DEDE , with_vote: 200, new_vote : 323.<br/>
Description: The MTN Mobile Money payment has been approved and processed successfully., Amount_Billed: 120 , Contestant_Updated: DEDE , with_vote: 200, new_vote : 523.<br/>
Description: The MTN Mobile Money payment has been approved and processed successfully., Amount_Billed: 120 , Contestant_Updated: DEDE , with_vote: 200, new_vote : 724.<br/>
Description: The MTN Mobile Money payment has been approved and processed successfully., Amount_Billed: 60 , Contestant_Updated: AKO , with_vote: 100, new_vote : 443.<br/>
Description: The MTN Mobile Money payment has been approved and processed successfully., Amount_Billed: 120 , Contestant_Updated: MERCY , with_vote: 200, new_vote : 404.<br/>
Description: The MTN Mobile Money payment has been approved and processed successfully., Amount_Billed: 120 , Contestant_Updated: MERCY , with_vote: 200, new_vote : 618.<br/>
Description: The Tigo Cash payment has been approved and processed successfully., Amount_Billed: 30 , Contestant_Updated: AKO , with_vote: 50, new_vote : 496.<br/>
Description: The MTN Mobile Money payment has been approved and processed successfully., Amount_Billed: 30 , Contestant_Updated: AMA BA , with_vote: 50, new_vote : 406.<br/>
Description: The Vodafone Cash payment has been approved and processed successfully, Amount_Billed: 12 , Contestant_Updated: AMA BA , with_vote: 20, new_vote : 426.<br/>
Description: The MTN Mobile Money payment has been approved and processed successfully., Amount_Billed: 6 , Contestant_Updated: OWUO , with_vote: 10, new_vote : 1003.<br/>
Description: The Vodafone Cash payment has been approved and processed successfully, Amount_Billed: 6 , Contestant_Updated: AMA BA , with_vote: 10, new_vote : 436.<br/>
Description: The MTN Mobile Money payment has been approved and processed successfully., Amount_Billed: 30 , Contestant_Updated: AKO , with_vote: 50, new_vote : 553.<br/>
Description: The MTN Mobile Money payment has been approved and processed successfully., Amount_Billed: 60 , Contestant_Updated: ETORNAM , with_vote: 100, new_vote : 714.<br/>
Description: The MTN Mobile Money payment has been approved and processed successfully., Amount_Billed: 300 , Contestant_Updated: GAZA , with_vote: 500, new_vote : 1034.<br/>
Description: The MTN Mobile Money payment has been approved and processed successfully., Amount_Billed: 120 , Contestant_Updated: GAZA , with_vote: 200, new_vote : 1234.<br/>
Description: The MTN Mobile Money payment has been approved and processed successfully., Amount_Billed: 120 , Contestant_Updated: GAZA , with_vote: 200, new_vote : 1434.<br/>
Description: The MTN Mobile Money payment has been approved and processed successfully., Amount_Billed: 30 , Contestant_Updated: GAZA , with_vote: 50, new_vote : 1487.<br/>
Description: The MTN Mobile Money payment has been approved and processed successfully., Amount_Billed: 12 , Contestant_Updated: GAZA , with_vote: 20, new_vote : 1512.<br/>
Description: The MTN Mobile Money payment has been approved and processed successfully., Amount_Billed: 120 , Contestant_Updated: KASI , with_vote: 200, new_vote : 228.<br/>
Description: The MTN Mobile Money payment has been approved and processed successfully., Amount_Billed: 300 , Contestant_Updated: SUZZY , with_vote: 500, new_vote : 1024.<br/>
Description: The MTN Mobile Money payment has been approved and processed successfully., Amount_Billed: 300 , Contestant_Updated: SUZZY , with_vote: 500, new_vote : 1529.<br/>
Description: The MTN Mobile Money payment has been approved and processed successfully., Amount_Billed: 6 , Contestant_Updated: GAZA , with_vote: 10, new_vote : 1570.<br/>
Description: The MTN Mobile Money payment has been approved and processed successfully., Amount_Billed: 12 , Contestant_Updated: ANITA , with_vote: 20, new_vote : 1197.<br/>
Description: The MTN Mobile Money payment has been approved and processed successfully., Amount_Billed: 60 , Contestant_Updated: BB , with_vote: 100, new_vote : 750.<br/>
Description: The MTN Mobile Money payment has been approved and processed successfully., Amount_Billed: 30 , Contestant_Updated: SHOE , with_vote: 50, new_vote : 158.<br/>
Description: The MTN Mobile Money payment has been approved and processed successfully., Amount_Billed: 60 , Contestant_Updated: KATE , with_vote: 100, new_vote : 404.<br/>
Description: The MTN Mobile Money payment has been approved and processed successfully., Amount_Billed: 600.0 , Contestant_Updated: SHOE , with_vote: 1000, new_vote : 1178.<br/>
Description: The MTN Mobile Money payment has been approved and processed successfully., Amount_Billed: 120 , Contestant_Updated: OLOBO , with_vote: 200, new_vote : 1062.<br/>
Description: The MTN Mobile Money payment has been approved and processed successfully., Amount_Billed: 60 , Contestant_Updated: AKO , with_vote: 100, new_vote : 706.<br/>
Description: The MTN Mobile Money payment has been approved and processed successfully., Amount_Billed: 300 , Contestant_Updated: SHOE , with_vote: 500, new_vote : 1717.<br/>
Description: The MTN Mobile Money payment has been approved and processed successfully., Amount_Billed: 120 , Contestant_Updated: BB , with_vote: 200, new_vote : 952.<br/>
Description: The MTN Mobile Money payment has been approved and processed successfully., Amount_Billed: 120 , Contestant_Updated: SUZZY , with_vote: 200, new_vote : 1825.<br/>
Description: The MTN Mobile Money payment has been approved and processed successfully., Amount_Billed: 300 , Contestant_Updated: MERCY , with_vote: 500, new_vote : 1252.<br/>
Description: The MTN Mobile Money payment has been approved and processed successfully., Amount_Billed: 120 , Contestant_Updated: SUZZY , with_vote: 200, new_vote : 2027.<br/>
Description: The MTN Mobile Money payment has been approved and processed successfully., Amount_Billed: 12 , Contestant_Updated: GAZA , with_vote: 20, new_vote : 1782.<br/>
Description: The MTN Mobile Money payment has been approved and processed successfully., Amount_Billed: 120 , Contestant_Updated: AMA BA , with_vote: 200, new_vote : 876.<br/>
Description: The MTN Mobile Money payment has been approved and processed successfully., Amount_Billed: 60 , Contestant_Updated: MAAME , with_vote: 100, new_vote : 1162.<br/>
Description: The MTN Mobile Money payment has been approved and processed successfully., Amount_Billed: 60 , Contestant_Updated: DEDE , with_vote: 100, new_vote : 848.<br/>
Description: The MTN Mobile Money payment has been approved and processed successfully., Amount_Billed: 6 , Contestant_Updated: GAZA , with_vote: 10, new_vote : 1892.<br/>
Description: The MTN Mobile Money payment has been approved and processed successfully., Amount_Billed: 30 , Contestant_Updated: AKO , with_vote: 50, new_vote : 762.<br/>
Description: The MTN Mobile Money payment has been approved and processed successfully., Amount_Billed: 120 , Contestant_Updated: KASI , with_vote: 200, new_vote : 492.<br/>
Description: The MTN Mobile Money payment has been approved and processed successfully., Amount_Billed: 120 , Contestant_Updated: OLOBO , with_vote: 200, new_vote : 1288.<br/>
Description: The MTN Mobile Money payment has been approved and processed successfully., Amount_Billed: 30 , Contestant_Updated: OLOBO , with_vote: 50, new_vote : 1338.<br/>
Description: The MTN Mobile Money payment has been approved and processed successfully., Amount_Billed: 120 , Contestant_Updated: OLOBO , with_vote: 200, new_vote : 1538.<br/>
Description: The MTN Mobile Money payment has been approved and processed successfully., Amount_Billed: 30 , Contestant_Updated: OLOBO , with_vote: 50, new_vote : 1588.<br/>
Description: The MTN Mobile Money payment has been approved and processed successfully., Amount_Billed: 300 , Contestant_Updated: DEDE , with_vote: 500, new_vote : 1352.<br/>
Description: The MTN Mobile Money payment has been approved and processed successfully., Amount_Billed: 120 , Contestant_Updated: BB , with_vote: 200, new_vote : 1158.<br/>
Description: The MTN Mobile Money payment has been approved and processed successfully., Amount_Billed: 12 , Contestant_Updated: DEDE , with_vote: 20, new_vote : 1372.<br/>
Description: The MTN Mobile Money payment has been approved and processed successfully., Amount_Billed: 60 , Contestant_Updated: KASI , with_vote: 100, new_vote : 596.<br/>
Description: The MTN Mobile Money payment has been approved and processed successfully., Amount_Billed: 120 , Contestant_Updated: KASI , with_vote: 200, new_vote : 796.<br/>
Description: The MTN Mobile Money payment has been approved and processed successfully., Amount_Billed: 60 , Contestant_Updated: SITA , with_vote: 100, new_vote : 832.<br/>
Description: The MTN Mobile Money payment has been approved and processed successfully., Amount_Billed: 120 , Contestant_Updated: SITA , with_vote: 200, new_vote : 1045.<br/>
Description: The MTN Mobile Money payment has been approved and processed successfully., Amount_Billed: 12 , Contestant_Updated: ETORNAM , with_vote: 20, new_vote : 1329.<br/>
Description: The MTN Mobile Money payment has been approved and processed successfully., Amount_Billed: 120 , Contestant_Updated: KASI , with_vote: 200, new_vote : 998.<br/>
Description: The MTN Mobile Money payment has been approved and processed successfully., Amount_Billed: 120 , Contestant_Updated: AKO , with_vote: 200, new_vote : 1042.<br/>
Description: The MTN Mobile Money payment has been approved and processed successfully., Amount_Billed: 1.2 , Contestant_Updated: DEDE , with_vote: 2, new_vote : 1435.<br/>
Description: The MTN Mobile Money payment has been approved and processed successfully., Amount_Billed: 12 , Contestant_Updated: KASI , with_vote: 20, new_vote : 1019.<br/>
Description: The MTN Mobile Money payment has been approved and processed successfully., Amount_Billed: 120 , Contestant_Updated: KASI , with_vote: 200, new_vote : 1219.<br/>
Description: The MTN Mobile Money payment has been approved and processed successfully., Amount_Billed: 120 , Contestant_Updated: KASI , with_vote: 200, new_vote : 1419.<br/>
Description: The MTN Mobile Money payment has been approved and processed successfully., Amount_Billed: 6 , Contestant_Updated: FELICIA , with_vote: 10, new_vote : 1115.<br/>
Description: The MTN Mobile Money payment has been approved and processed successfully., Amount_Billed: 120 , Contestant_Updated: KASI , with_vote: 200, new_vote : 1619.<br/>
Description: The MTN Mobile Money payment has been approved and processed successfully., Amount_Billed: 60 , Contestant_Updated: ETORNAM , with_vote: 100, new_vote : 1470.<br/>
Description: The MTN Mobile Money payment has been approved and processed successfully., Amount_Billed: 60 , Contestant_Updated: SITA , with_vote: 100, new_vote : 1181.<br/>
Description: The MTN Mobile Money payment has been approved and processed successfully., Amount_Billed: 30 , Contestant_Updated: KASI , with_vote: 50, new_vote : 1669.<br/>
Description: The MTN Mobile Money payment has been approved and processed successfully., Amount_Billed: 60 , Contestant_Updated: MERCY , with_vote: 100, new_vote : 1464.<br/>
Description: The MTN Mobile Money payment has been approved and processed successfully., Amount_Billed: 30 , Contestant_Updated: ETORNAM , with_vote: 50, new_vote : 1530.<br/>
Description: The MTN Mobile Money payment has been approved and processed successfully., Amount_Billed: 60 , Contestant_Updated: DEDE , with_vote: 100, new_vote : 1577.<br/>
Description: The MTN Mobile Money payment has been approved and processed successfully., Amount_Billed: 30 , Contestant_Updated: DEDE , with_vote: 50, new_vote : 1628.<br/>
Description: The Tigo Cash payment has been approved and processed successfully., Amount_Billed: 1.2 , Contestant_Updated: KASI , with_vote: 2, new_vote : 1675.<br/>
Description: The MTN Mobile Money payment has been approved and processed successfully., Amount_Billed: 120 , Contestant_Updated: ANITA , with_vote: 200, new_vote : 1565.<br/>
Description: The MTN Mobile Money payment has been approved and processed successfully., Amount_Billed: 300 , Contestant_Updated: MD , with_vote: 500, new_vote : 2125.<br/>
Description: The MTN Mobile Money payment has been approved and processed successfully., Amount_Billed: 120 , Contestant_Updated: BB , with_vote: 200, new_vote : 1374.<br/>
Description: The MTN Mobile Money payment has been approved and processed successfully., Amount_Billed: 120 , Contestant_Updated: AKO , with_vote: 200, new_vote : 1426.<br/>
Description: The MTN Mobile Money payment has been approved and processed successfully., Amount_Billed: 30 , Contestant_Updated: DEDE , with_vote: 50, new_vote : 1696.<br/>
Description: The MTN Mobile Money payment has been approved and processed successfully., Amount_Billed: 12 , Contestant_Updated: MAAFIA , with_vote: 20, new_vote : 1401.<br/>
Description: The MTN Mobile Money payment has been approved and processed successfully., Amount_Billed: 60 , Contestant_Updated: MAAME , with_vote: 100, new_vote : 1663.<br/>
Description: The MTN Mobile Money payment has been approved and processed successfully., Amount_Billed: 12 , Contestant_Updated: AKO , with_vote: 20, new_vote : 1474.<br/>
Description: The MTN Mobile Money payment has been approved and processed successfully., Amount_Billed: 12 , Contestant_Updated: MAAFIA , with_vote: 20, new_vote : 1459.<br/>
Description: The MTN Mobile Money payment has been approved and processed successfully., Amount_Billed: 120 , Contestant_Updated: SAPATO , with_vote: 200, new_vote : 1538.<br/>
Description: The MTN Mobile Money payment has been approved and processed successfully., Amount_Billed: 120 , Contestant_Updated: ETORNAM , with_vote: 200, new_vote : 1773.<br/>
Description: The MTN Mobile Money payment has been approved and processed successfully., Amount_Billed: 1.2 , Contestant_Updated: DEDE , with_vote: 2, new_vote : 1721.<br/>
Description: The MTN Mobile Money payment has been approved and processed successfully., Amount_Billed: 6 , Contestant_Updated: MAAFIA , with_vote: 10, new_vote : 1638.<br/>
Description: The MTN Mobile Money payment has been approved and processed successfully., Amount_Billed: 120 , Contestant_Updated: OLOBO , with_vote: 200, new_vote : 1840.<br/>
Description: The MTN Mobile Money payment has been approved and processed successfully., Amount_Billed: 12 , Contestant_Updated: MAAME , with_vote: 20, new_vote : 1802.<br/>
Description: The MTN Mobile Money payment has been approved and processed successfully., Amount_Billed: 12 , Contestant_Updated: MAAME , with_vote: 20, new_vote : 1822.<br/>
